<?xml version="1.0" encoding="UTF-8"?>
<testsuite xmlns:xsi="http://www.w3.org/2001/XMLSchema-instance" xsi:noNamespaceSchemaLocation="https://maven.apache.org/surefire/maven-surefire-plugin/xsd/surefire-test-report.xsd" name="EquipeUn.Simulator.AppTest" time="0.03" tests="1" errors="0" skipped="0" failures="0">
  <properties>
    <property name="sun.desktop" value="gnome"/>
    <property name="awt.toolkit" value="sun.awt.X11.XToolkit"/>
    <property name="java.specification.version" value="11"/>
    <property name="sun.cpu.isalist" value=""/>
    <property name="sun.jnu.encoding" value="UTF-8"/>
    <property name="java.class.path" value="/fs03/share/users/mathieu.eriau/home/Documents/S7/PTS/simulateurJava/Simulator/target/test-classes:/fs03/share/users/mathieu.eriau/home/Documents/S7/PTS/simulateurJava/Simulator/target/classes:/fs03/share/users/mathieu.eriau/home/.m2/repository/junit/junit/4.11/junit-4.11.jar:/fs03/share/users/mathieu.eriau/home/.m2/repository/org/hamcrest/hamcrest-core/1.3/hamcrest-core-1.3.jar:/fs03/share/users/mathieu.eriau/home/.m2/repository/org/apache/commons/commons-math3/3.5/commons-math3-3.5.jar:/fs03/share/users/mathieu.eriau/home/.m2/repository/org/eclipse/paho/org.eclipse.paho.client.mqttv3/1.2.0/org.eclipse.paho.client.mqttv3-1.2.0.jar:/fs03/share/users/mathieu.eriau/home/.m2/repository/org/json/json/20180130/json-20180130.jar:"/>
    <property name="java.vm.vendor" value="Ubuntu"/>
    <property name="sun.arch.data.model" value="64"/>
    <property name="java.vendor.url" value="https://ubuntu.com/"/>
    <property name="user.timezone" value=""/>
    <property name="java.vm.specification.version" value="11"/>
    <property name="os.name" value="Linux"/>
    <property name="sun.java.launcher" value="SUN_STANDARD"/>
    <property name="user.country" value="FR"/>
    <property name="sun.boot.library.path" value="/usr/lib/jvm/java-11-openjdk-amd64/lib"/>
    <property name="sun.java.command" value="/fs03/share/users/mathieu.eriau/home/Documents/S7/PTS/simulateurJava/Simulator/target/surefire/surefirebooter11493303085005989245.jar /fs03/share/users/mathieu.eriau/home/Documents/S7/PTS/simulateurJava/Simulator/target/surefire 2022-01-03T08-46-59_545-jvmRun1 surefire11188951142432573508tmp surefire_02683078796711663391tmp"/>
    <property name="jdk.debug" value="release"/>
    <property name="surefire.test.class.path" value="/fs03/share/users/mathieu.eriau/home/Documents/S7/PTS/simulateurJava/Simulator/target/test-classes:/fs03/share/users/mathieu.eriau/home/Documents/S7/PTS/simulateurJava/Simulator/target/classes:/fs03/share/users/mathieu.eriau/home/.m2/repository/junit/junit/4.11/junit-4.11.jar:/fs03/share/users/mathieu.eriau/home/.m2/repository/org/hamcrest/hamcrest-core/1.3/hamcrest-core-1.3.jar:/fs03/share/users/mathieu.eriau/home/.m2/repository/org/apache/commons/commons-math3/3.5/commons-math3-3.5.jar:/fs03/share/users/mathieu.eriau/home/.m2/repository/org/eclipse/paho/org.eclipse.paho.client.mqttv3/1.2.0/org.eclipse.paho.client.mqttv3-1.2.0.jar:/fs03/share/users/mathieu.eriau/home/.m2/repository/org/json/json/20180130/json-20180130.jar:"/>
    <property name="sun.cpu.endian" value="little"/>
    <property name="user.home" value="/fs03/share/users/mathieu.eriau/home"/>
    <property name="user.language" value="fr"/>
    <property name="java.specification.vendor" value="Oracle Corporation"/>
    <property name="java.version.date" value="2021-04-20"/>
    <property name="java.home" value="/usr/lib/jvm/java-11-openjdk-amd64"/>
    <property name="file.separator" value="/"/>
    <property name="basedir" value="/fs03/share/users/mathieu.eriau/home/Documents/S7/PTS/simulateurJava/Simulator"/>
    <property name="java.vm.compressedOopsMode" value="Zero based"/>
    <property name="line.separator" value="&#10;"/>
    <property name="java.specification.name" value="Java Platform API Specification"/>
    <property name="java.vm.specification.vendor" value="Oracle Corporation"/>
    <property name="java.awt.graphicsenv" value="sun.awt.X11GraphicsEnvironment"/>
    <property name="surefire.real.class.path" value="/fs03/share/users/mathieu.eriau/home/Documents/S7/PTS/simulateurJava/Simulator/target/surefire/surefirebooter11493303085005989245.jar"/>
    <property name="sun.management.compiler" value="HotSpot 64-Bit Tiered Compilers"/>
    <property name="java.runtime.version" value="11.0.11+9-Ubuntu-0ubuntu2.18.04"/>
    <property name="user.name" value="mathieu.eriau"/>
    <property name="path.separator" value=":"/>
    <property name="os.version" value="4.15.0-156-generic"/>
    <property name="java.runtime.name" value="OpenJDK Runtime Environment"/>
    <property name="file.encoding" value="UTF-8"/>
    <property name="java.vm.name" value="OpenJDK 64-Bit Server VM"/>
    <property name="localRepository" value="/fs03/share/users/mathieu.eriau/home/.m2/repository"/>
    <property name="java.vendor.url.bug" value="https://bugs.launchpad.net/ubuntu/+source/openjdk-lts"/>
    <property name="java.io.tmpdir" value="/tmp"/>
    <property name="java.version" value="11.0.11"/>
    <property name="user.dir" value="/fs03/share/users/mathieu.eriau/home/Documents/S7/PTS/simulateurJava/Simulator"/>
    <property name="os.arch" value="amd64"/>
    <property name="java.vm.specification.name" value="Java Virtual Machine Specification"/>
    <property name="java.awt.printerjob" value="sun.print.PSPrinterJob"/>
    <property name="sun.os.patch.level" value="unknown"/>
    <property name="java.library.path" value="/usr/java/packages/lib:/usr/lib/x86_64-linux-gnu/jni:/lib/x86_64-linux-gnu:/usr/lib/x86_64-linux-gnu:/usr/lib/jni:/lib:/usr/lib"/>
    <property name="java.vm.info" value="mixed mode, sharing"/>
    <property name="java.vendor" value="Ubuntu"/>
    <property name="java.vm.version" value="11.0.11+9-Ubuntu-0ubuntu2.18.04"/>
    <property name="sun.io.unicode.encoding" value="UnicodeLittle"/>
    <property name="java.class.version" value="55.0"/>
  </properties>
  <testcase name="shouldAnswerWithTrue" classname="EquipeUn.Simulator.AppTest" time="0.002"/>
</testsuite>